<?xml version="1.0" encoding="UTF-8"?>
<!-- Generated by org.testng.reporters.JUnitReportReporter -->
<testsuite hostname="Bansal" failures="0" tests="4" name="com.testng.MultiTest" time="4.965" errors="0" timestamp="2023-07-31T15:05:00 EDT" skipped="0">
  <testcase classname="com.testng.MultiTest" name="MouseHovering" time="2.636"/>
  <testcase classname="com.testng.MultiTest" name="SelectDropDown" time="0.677"/>
  <testcase classname="com.testng.MultiTest" name="SelectDropDown" time="0.706"/>
  <testcase classname="com.testng.MultiTest" name="MouseHovering" time="0.946"/>
</testsuite> <!-- com.testng.MultiTest -->
